{"level":"success","message":"Redis已连接","timestamp":"2026-01-06T10:05:32.151Z"}
{"level":"success","message":"数据库连接成功","timestamp":"2026-01-06T10:05:32.223Z"}
{"level":"info","message":"Server is running on host: http://localhost:8080","timestamp":"2026-01-06T10:05:32.224Z"}
{"level":"info","message":"初始化Admin用户中...","timestamp":"2026-01-06T10:05:32.225Z"}
{"level":"success","message":"已注册路由 role","timestamp":"2026-01-06T10:05:32.231Z"}
{"level":"success","message":"已注册路由 mail","timestamp":"2026-01-06T10:05:32.251Z"}
{"level":"success","message":"已注册路由 user","timestamp":"2026-01-06T10:05:32.253Z"}
{"level":"success","message":"已注册路由 safety","timestamp":"2026-01-06T10:05:32.254Z"}
{"level":"success","message":"已注册路由 log","timestamp":"2026-01-06T10:05:32.255Z"}
{"level":"success","message":"已注册路由 permission","timestamp":"2026-01-06T10:05:32.257Z"}
{"level":"info","message":"Admin用户已存在, ID: 967b43aa-b6d3-4b51-a456-677d9fbd5d17, 邮箱: admin@example.com, 密码: e10adc3949ba59abbe56e057f20f883e","timestamp":"2026-01-06T10:05:32.270Z"}
{"level":"info","message":"http://localhost:8080/user/login POST -> 200","timestamp":"2026-01-06T10:05:45.005Z"}
{"level":"info","message":"http://localhost:8080/log/locale/logger/list GET -> 200","timestamp":"2026-01-06T10:05:46.419Z"}
{"level":"success","message":"Redis已连接","timestamp":"2026-01-06T10:06:26.668Z"}
{"level":"success","message":"数据库连接成功","timestamp":"2026-01-06T10:06:26.738Z"}
{"level":"info","message":"Server is running on host: http://localhost:8080","timestamp":"2026-01-06T10:06:26.739Z"}
{"level":"info","message":"初始化Admin用户中...","timestamp":"2026-01-06T10:06:26.739Z"}
{"level":"success","message":"已注册路由 role","timestamp":"2026-01-06T10:06:26.746Z"}
{"level":"success","message":"已注册路由 mail","timestamp":"2026-01-06T10:06:26.768Z"}
{"level":"success","message":"已注册路由 user","timestamp":"2026-01-06T10:06:26.770Z"}
{"level":"success","message":"已注册路由 safety","timestamp":"2026-01-06T10:06:26.771Z"}
{"level":"success","message":"已注册路由 log","timestamp":"2026-01-06T10:06:26.784Z"}
{"level":"success","message":"已注册路由 permission","timestamp":"2026-01-06T10:06:26.786Z"}
{"level":"info","message":"Admin用户已存在, ID: 967b43aa-b6d3-4b51-a456-677d9fbd5d17, 邮箱: admin@example.com, 密码: e10adc3949ba59abbe56e057f20f883e","timestamp":"2026-01-06T10:06:26.789Z"}
{"level":"info","message":"http://localhost:8080/user/login POST -> 200","timestamp":"2026-01-06T10:06:28.777Z"}
{"level":"info","message":"http://localhost:8080/log/locale/logger/list GET -> 200","timestamp":"2026-01-06T10:06:30.086Z"}
{"level":"success","message":"Redis已连接","timestamp":"2026-01-06T10:06:54.276Z"}
{"level":"success","message":"数据库连接成功","timestamp":"2026-01-06T10:06:54.347Z"}
{"level":"info","message":"Server is running on host: http://localhost:8080","timestamp":"2026-01-06T10:06:54.348Z"}
{"level":"info","message":"初始化Admin用户中...","timestamp":"2026-01-06T10:06:54.349Z"}
{"level":"success","message":"已注册路由 role","timestamp":"2026-01-06T10:06:54.356Z"}
{"level":"success","message":"已注册路由 mail","timestamp":"2026-01-06T10:06:54.384Z"}
{"level":"success","message":"已注册路由 user","timestamp":"2026-01-06T10:06:54.386Z"}
{"level":"success","message":"已注册路由 safety","timestamp":"2026-01-06T10:06:54.388Z"}
{"level":"success","message":"已注册路由 log","timestamp":"2026-01-06T10:06:54.399Z"}
{"level":"success","message":"已注册路由 permission","timestamp":"2026-01-06T10:06:54.401Z"}
{"level":"info","message":"Admin用户已存在, ID: 967b43aa-b6d3-4b51-a456-677d9fbd5d17, 邮箱: admin@example.com, 密码: e10adc3949ba59abbe56e057f20f883e","timestamp":"2026-01-06T10:06:54.406Z"}
{"level":"info","message":"http://localhost:8080/user/login POST -> 200","timestamp":"2026-01-06T10:06:55.517Z"}
{"level":"info","message":"http://localhost:8080/log/locale/logger/list GET -> 200","timestamp":"2026-01-06T10:06:56.834Z"}
{"level":"info","message":"http://localhost:8080/user/authenticate GET -> 401","timestamp":"2026-01-06T10:07:07.465Z"}
{"level":"info","message":"http://localhost:8080/user/login POST -> 200","timestamp":"2026-01-06T10:07:38.457Z"}
{"level":"info","message":"http://localhost:8080/user/authenticate GET -> 200","timestamp":"2026-01-06T10:07:38.482Z"}
{"level":"info","message":"http://localhost:8080/user/info GET -> 200","timestamp":"2026-01-06T10:07:38.522Z"}
{"level":"info","message":"http://localhost:8080/user/permissions GET -> 200","timestamp":"2026-01-06T10:07:38.526Z"}
{"level":"info","message":"http://localhost:8080/user/list GET -> 200","timestamp":"2026-01-06T10:07:38.582Z"}
{"level":"success","message":"Redis已连接","timestamp":"2026-01-06T10:16:42.749Z"}
{"level":"success","message":"数据库连接成功","timestamp":"2026-01-06T10:16:42.810Z"}
{"level":"info","message":"Server is running on host: http://localhost:8080","timestamp":"2026-01-06T10:16:42.811Z"}
{"level":"info","message":"初始化Admin用户中...","timestamp":"2026-01-06T10:16:42.812Z"}
{"level":"success","message":"已注册路由 role","timestamp":"2026-01-06T10:16:42.818Z"}
{"level":"success","message":"已注册路由 mail","timestamp":"2026-01-06T10:16:42.861Z"}
{"level":"success","message":"已注册路由 user","timestamp":"2026-01-06T10:16:42.863Z"}
{"level":"success","message":"已注册路由 safety","timestamp":"2026-01-06T10:16:42.865Z"}
{"level":"success","message":"已注册路由 log","timestamp":"2026-01-06T10:16:42.867Z"}
{"level":"success","message":"已注册路由 permission","timestamp":"2026-01-06T10:16:42.868Z"}
{"level":"info","message":"Admin用户已存在, ID: 967b43aa-b6d3-4b51-a456-677d9fbd5d17, 邮箱: admin@example.com, 密码: e10adc3949ba59abbe56e057f20f883e","timestamp":"2026-01-06T10:16:42.876Z"}
{"level":"info","message":"http://localhost:8080/user/login POST -> 200","timestamp":"2026-01-06T10:16:47.881Z"}
{"level":"info","message":"http://localhost:8080/user/authenticate GET -> 200","timestamp":"2026-01-06T10:16:47.917Z"}
{"level":"info","message":"http://localhost:8080/user/info GET -> 200","timestamp":"2026-01-06T10:16:47.952Z"}
{"level":"info","message":"http://localhost:8080/user/permissions GET -> 200","timestamp":"2026-01-06T10:16:47.953Z"}
{"level":"info","message":"http://localhost:8080/user/list GET -> 200","timestamp":"2026-01-06T10:16:48.017Z"}
{"level":"info","message":"http://localhost:8080/log/page?cur=1&size=10&filter=&time=DESC GET -> 200","timestamp":"2026-01-06T10:16:52.697Z"}
{"level":"info","message":"http://localhost:8080/user/authenticate GET -> 200","timestamp":"2026-01-06T10:27:34.613Z"}
{"level":"info","message":"http://localhost:8080/user/info GET -> 200","timestamp":"2026-01-06T10:27:34.643Z"}
{"level":"info","message":"http://localhost:8080/user/permissions GET -> 200","timestamp":"2026-01-06T10:27:34.645Z"}
{"level":"info","message":"http://localhost:8080/log/page?cur=1&size=10&filter=&time=DESC GET -> 200","timestamp":"2026-01-06T10:27:35.033Z"}
{"level":"info","message":"http://localhost:8080/user/authenticate GET -> 200","timestamp":"2026-01-06T10:27:40.567Z"}
{"level":"info","message":"http://localhost:8080/user/authenticate GET -> 200","timestamp":"2026-01-06T10:27:49.520Z"}
{"level":"info","message":"http://localhost:8080/user/authenticate GET -> 200","timestamp":"2026-01-06T10:29:15.420Z"}
{"level":"info","message":"http://localhost:8080/user/info GET -> 200","timestamp":"2026-01-06T10:29:15.450Z"}
{"level":"info","message":"http://localhost:8080/user/permissions GET -> 200","timestamp":"2026-01-06T10:29:15.451Z"}
{"level":"info","message":"http://localhost:8080/log/page?cur=1&size=10&filter=&time=DESC GET -> 200","timestamp":"2026-01-06T10:29:15.794Z"}
{"level":"info","message":"http://localhost:8080/user/authenticate GET -> 200","timestamp":"2026-01-06T10:29:18.720Z"}
{"level":"info","message":"http://localhost:8080/user/authenticate GET -> 200","timestamp":"2026-01-06T10:29:25.541Z"}
{"level":"info","message":"http://localhost:8080/user/info GET -> 200","timestamp":"2026-01-06T10:29:25.567Z"}
{"level":"info","message":"http://localhost:8080/user/permissions GET -> 200","timestamp":"2026-01-06T10:29:25.568Z"}
{"level":"info","message":"http://localhost:8080/log/page?cur=1&size=10&filter=&time=DESC GET -> 200","timestamp":"2026-01-06T10:29:25.861Z"}
{"level":"info","message":"http://localhost:8080/user/authenticate GET -> 200","timestamp":"2026-01-06T10:29:52.636Z"}
{"level":"info","message":"http://localhost:8080/user/info GET -> 200","timestamp":"2026-01-06T10:29:52.663Z"}
{"level":"info","message":"http://localhost:8080/user/permissions GET -> 200","timestamp":"2026-01-06T10:29:52.665Z"}
{"level":"info","message":"http://localhost:8080/log/page?cur=1&size=10&filter=&time=DESC GET -> 200","timestamp":"2026-01-06T10:29:53.059Z"}
{"level":"info","message":"http://localhost:8080/user/authenticate GET -> 200","timestamp":"2026-01-06T10:30:05.786Z"}
{"level":"info","message":"http://localhost:8080/user/permissions GET -> 200","timestamp":"2026-01-06T10:30:05.812Z"}
{"level":"info","message":"http://localhost:8080/user/info GET -> 200","timestamp":"2026-01-06T10:30:05.813Z"}
{"level":"info","message":"http://localhost:8080/log/page?cur=1&size=10&filter=&time=DESC GET -> 200","timestamp":"2026-01-06T10:30:06.060Z"}
{"level":"info","message":"http://localhost:8080/user/authenticate GET -> 200","timestamp":"2026-01-06T10:30:47.915Z"}
{"level":"info","message":"http://localhost:8080/user/info GET -> 200","timestamp":"2026-01-06T10:30:47.945Z"}
{"level":"info","message":"http://localhost:8080/user/permissions GET -> 200","timestamp":"2026-01-06T10:30:47.946Z"}
{"level":"info","message":"http://localhost:8080/log/page?cur=1&size=10&filter=&time=DESC GET -> 200","timestamp":"2026-01-06T10:30:48.277Z"}
{"level":"info","message":"http://localhost:8080/user/authenticate GET -> 200","timestamp":"2026-01-06T10:31:30.488Z"}
{"level":"info","message":"http://localhost:8080/user/info GET -> 200","timestamp":"2026-01-06T10:31:30.517Z"}
{"level":"info","message":"http://localhost:8080/user/permissions GET -> 200","timestamp":"2026-01-06T10:31:30.518Z"}
{"level":"info","message":"http://localhost:8080/log/page?cur=1&size=10&filter=&time=DESC GET -> 200","timestamp":"2026-01-06T10:31:30.861Z"}
{"level":"info","message":"http://localhost:8080/log/ae059b38-fac5-4f98-9db4-8e75b6640693 GET -> 200","timestamp":"2026-01-06T10:31:32.815Z"}
{"level":"info","message":"http://localhost:8080/user/authenticate GET -> 200","timestamp":"2026-01-06T10:31:51.566Z"}
{"level":"info","message":"http://localhost:8080/user/info GET -> 200","timestamp":"2026-01-06T10:31:51.593Z"}
{"level":"info","message":"http://localhost:8080/user/permissions GET -> 200","timestamp":"2026-01-06T10:31:51.594Z"}
{"level":"info","message":"http://localhost:8080/log/page?cur=1&size=10&filter=&time=DESC GET -> 200","timestamp":"2026-01-06T10:31:51.928Z"}
{"level":"info","message":"http://localhost:8080/log/a7ba0cf1-51c6-4f21-93d9-c0e413da3d79 GET -> 200","timestamp":"2026-01-06T10:31:53.537Z"}
{"level":"info","message":"http://localhost:8080/locale/logger/list GET -> 404","timestamp":"2026-01-06T10:32:56.135Z"}
{"level":"info","message":"http://localhost:8080/locale/logger/list GET -> 404","timestamp":"2026-01-06T10:32:57.147Z"}
{"level":"info","message":"http://localhost:8080/locale/logger/list GET -> 404","timestamp":"2026-01-06T10:32:59.158Z"}
{"level":"info","message":"http://localhost:8080/locale/logger/list GET -> 404","timestamp":"2026-01-06T10:33:03.169Z"}
{"level":"info","message":"http://localhost:8080/locale/logger/list GET -> 404","timestamp":"2026-01-06T10:33:43.610Z"}
{"level":"info","message":"http://localhost:8080/user/authenticate GET -> 200","timestamp":"2026-01-06T10:33:44.536Z"}
{"level":"info","message":"http://localhost:8080/user/info GET -> 200","timestamp":"2026-01-06T10:33:44.565Z"}
{"level":"info","message":"http://localhost:8080/user/permissions GET -> 200","timestamp":"2026-01-06T10:33:44.566Z"}
{"level":"info","message":"http://localhost:8080/log/locale/logger/list GET -> 200","timestamp":"2026-01-06T10:33:44.641Z"}
{"level":"info","message":"http://localhost:8080/user/authenticate GET -> 200","timestamp":"2026-01-06T10:33:58.165Z"}
{"level":"info","message":"http://localhost:8080/user/info GET -> 200","timestamp":"2026-01-06T10:33:58.200Z"}
{"level":"info","message":"http://localhost:8080/user/permissions GET -> 200","timestamp":"2026-01-06T10:33:58.202Z"}
{"level":"info","message":"http://localhost:8080/log/locale/logger/list GET -> 200","timestamp":"2026-01-06T10:33:58.260Z"}
{"level":"info","message":"http://localhost:8080/user/authenticate GET -> 200","timestamp":"2026-01-06T10:34:17.237Z"}
{"level":"info","message":"http://localhost:8080/user/info GET -> 200","timestamp":"2026-01-06T10:34:17.276Z"}
{"level":"info","message":"http://localhost:8080/user/permissions GET -> 200","timestamp":"2026-01-06T10:34:17.282Z"}
{"level":"info","message":"http://localhost:8080/log/locale/logger/list GET -> 200","timestamp":"2026-01-06T10:34:17.337Z"}
{"level":"info","message":"http://localhost:8080/user/authenticate GET -> 200","timestamp":"2026-01-06T10:35:44.477Z"}
{"level":"info","message":"http://localhost:8080/user/info GET -> 200","timestamp":"2026-01-06T10:35:44.504Z"}
{"level":"info","message":"http://localhost:8080/user/permissions GET -> 200","timestamp":"2026-01-06T10:35:44.507Z"}
{"level":"info","message":"http://localhost:8080/log/locale/logger/list GET -> 200","timestamp":"2026-01-06T10:35:44.573Z"}
{"level":"info","message":"http://localhost:8080/user/authenticate GET -> 200","timestamp":"2026-01-06T10:35:59.477Z"}
{"level":"info","message":"http://localhost:8080/user/info GET -> 200","timestamp":"2026-01-06T10:35:59.509Z"}
{"level":"info","message":"http://localhost:8080/user/permissions GET -> 200","timestamp":"2026-01-06T10:35:59.510Z"}
{"level":"info","message":"http://localhost:8080/log/locale/logger/list GET -> 200","timestamp":"2026-01-06T10:35:59.568Z"}
{"level":"success","message":"Redis已连接","timestamp":"2026-01-06T10:37:04.173Z"}
{"level":"success","message":"数据库连接成功","timestamp":"2026-01-06T10:37:04.261Z"}
{"level":"info","message":"Server is running on host: http://localhost:8080","timestamp":"2026-01-06T10:37:04.262Z"}
{"level":"info","message":"初始化Admin用户中...","timestamp":"2026-01-06T10:37:04.263Z"}
{"level":"success","message":"已注册路由 role","timestamp":"2026-01-06T10:37:04.269Z"}
{"level":"success","message":"已注册路由 mail","timestamp":"2026-01-06T10:37:04.289Z"}
{"level":"success","message":"已注册路由 user","timestamp":"2026-01-06T10:37:04.291Z"}
{"level":"success","message":"已注册路由 safety","timestamp":"2026-01-06T10:37:04.292Z"}
{"level":"success","message":"已注册路由 log","timestamp":"2026-01-06T10:37:04.306Z"}
{"level":"success","message":"已注册路由 permission","timestamp":"2026-01-06T10:37:04.308Z"}
{"level":"info","message":"Admin用户已存在, ID: 967b43aa-b6d3-4b51-a456-677d9fbd5d17, 邮箱: admin@example.com, 密码: e10adc3949ba59abbe56e057f20f883e","timestamp":"2026-01-06T10:37:04.318Z"}
{"level":"info","message":"http://localhost:8080/user/login POST -> 200","timestamp":"2026-01-06T10:37:08.726Z"}
{"level":"info","message":"http://localhost:8080/user/authenticate GET -> 200","timestamp":"2026-01-06T10:37:08.748Z"}
{"level":"info","message":"http://localhost:8080/user/info GET -> 200","timestamp":"2026-01-06T10:37:08.778Z"}
{"level":"info","message":"http://localhost:8080/user/permissions GET -> 200","timestamp":"2026-01-06T10:37:08.779Z"}
{"level":"info","message":"http://localhost:8080/log/locale/logger/list GET -> 200","timestamp":"2026-01-06T10:37:08.840Z"}
{"level":"info","message":"http://localhost:8080/log/page?cur=1&size=10&filter=&time=DESC GET -> 200","timestamp":"2026-01-06T10:37:37.923Z"}
{"level":"info","message":"http://localhost:8080/role/list GET -> 200","timestamp":"2026-01-06T10:40:36.314Z"}
{"level":"info","message":"http://localhost:8080/user/authenticate GET -> 200","timestamp":"2026-01-06T10:40:38.034Z"}
{"level":"info","message":"http://localhost:8080/user/info GET -> 200","timestamp":"2026-01-06T10:40:38.059Z"}
{"level":"info","message":"http://localhost:8080/user/permissions GET -> 200","timestamp":"2026-01-06T10:40:38.061Z"}
{"level":"info","message":"http://localhost:8080/role/list GET -> 200","timestamp":"2026-01-06T10:40:38.124Z"}
{"level":"info","message":"http://localhost:8080/user/list GET -> 200","timestamp":"2026-01-06T10:40:39.385Z"}
{"level":"info","message":"http://localhost:8080/role/list GET -> 200","timestamp":"2026-01-06T10:40:40.368Z"}
{"level":"info","message":"http://localhost:8080/log/page?cur=1&size=10&filter=&time=DESC GET -> 200","timestamp":"2026-01-06T10:40:41.562Z"}
{"level":"info","message":"http://localhost:8080/log/locale/logger/list GET -> 200","timestamp":"2026-01-06T10:40:42.560Z"}
{"level":"info","message":"http://localhost:8080/user/logout GET -> 200","timestamp":"2026-01-06T10:40:51.280Z"}
{"level":"info","message":"http://localhost:8080/user/authenticate GET -> 401","timestamp":"2026-01-06T10:40:51.286Z"}
{"level":"info","message":"http://localhost:8080/user/login POST -> 200","timestamp":"2026-01-06T10:40:56.821Z"}
{"level":"info","message":"http://localhost:8080/user/authenticate GET -> 200","timestamp":"2026-01-06T10:40:56.848Z"}
{"level":"info","message":"http://localhost:8080/user/info GET -> 200","timestamp":"2026-01-06T10:40:56.908Z"}
{"level":"info","message":"http://localhost:8080/user/permissions GET -> 200","timestamp":"2026-01-06T10:40:56.909Z"}
{"level":"info","message":"http://localhost:8080/log/locale/logger/list GET -> 200","timestamp":"2026-01-06T10:40:57.049Z"}
{"level":"info","message":"http://localhost:8080/log/page?cur=1&size=10&filter=&time=DESC GET -> 200","timestamp":"2026-01-06T10:41:55.699Z"}
{"level":"info","message":"http://localhost:8080/log/page?cur=1&size=10&filter=&time=ASC GET -> 200","timestamp":"2026-01-06T10:41:57.316Z"}
{"level":"success","message":"Redis已连接","timestamp":"2026-01-06T10:43:37.848Z"}
{"level":"success","message":"数据库连接成功","timestamp":"2026-01-06T10:43:37.959Z"}
{"level":"info","message":"Server is running on host: http://localhost:8080","timestamp":"2026-01-06T10:43:37.959Z"}
{"level":"info","message":"初始化Admin用户中...","timestamp":"2026-01-06T10:43:37.960Z"}
{"level":"success","message":"已注册路由 role","timestamp":"2026-01-06T10:43:37.966Z"}
{"level":"success","message":"已注册路由 mail","timestamp":"2026-01-06T10:43:37.986Z"}
{"level":"success","message":"已注册路由 user","timestamp":"2026-01-06T10:43:37.988Z"}
{"level":"success","message":"已注册路由 safety","timestamp":"2026-01-06T10:43:37.989Z"}
{"level":"success","message":"已注册路由 log","timestamp":"2026-01-06T10:43:38.002Z"}
{"level":"success","message":"已注册路由 permission","timestamp":"2026-01-06T10:43:38.003Z"}
{"level":"info","message":"Admin用户已存在, ID: 967b43aa-b6d3-4b51-a456-677d9fbd5d17, 邮箱: admin@example.com, 密码: e10adc3949ba59abbe56e057f20f883e","timestamp":"2026-01-06T10:43:38.009Z"}
{"level":"success","message":"Redis已连接","timestamp":"2026-01-06T10:44:54.801Z"}
{"level":"success","message":"数据库连接成功","timestamp":"2026-01-06T10:44:54.861Z"}
{"level":"info","message":"Server is running on host: http://localhost:8080","timestamp":"2026-01-06T10:44:54.862Z"}
{"level":"info","message":"初始化Admin用户中...","timestamp":"2026-01-06T10:44:54.862Z"}
{"level":"success","message":"已注册路由 role","timestamp":"2026-01-06T10:44:54.869Z"}
{"level":"success","message":"已注册路由 mail","timestamp":"2026-01-06T10:44:54.889Z"}
{"level":"success","message":"已注册路由 user","timestamp":"2026-01-06T10:44:54.891Z"}
{"level":"success","message":"已注册路由 safety","timestamp":"2026-01-06T10:44:54.892Z"}
{"level":"success","message":"已注册路由 log","timestamp":"2026-01-06T10:44:54.903Z"}
{"level":"success","message":"已注册路由 permission","timestamp":"2026-01-06T10:44:54.905Z"}
{"level":"info","message":"Admin用户已存在, ID: 967b43aa-b6d3-4b51-a456-677d9fbd5d17, 邮箱: admin@example.com, 密码: e10adc3949ba59abbe56e057f20f883e","timestamp":"2026-01-06T10:44:54.909Z"}
{"level":"info","message":"http://localhost:8080/log/locale/logger/list?cur=1&size=20 GET -> 401","timestamp":"2026-01-06T10:45:58.344Z"}
{"level":"info","message":"http://localhost:8080/log/locale/logger/list?cur=1&size=20 GET -> 401","timestamp":"2026-01-06T10:45:59.359Z"}
{"level":"info","message":"http://localhost:8080/log/locale/logger/list?cur=1&size=20 GET -> 401","timestamp":"2026-01-06T10:46:01.364Z"}
{"level":"info","message":"http://localhost:8080/log/locale/logger/list?cur=1&size=20 GET -> 401","timestamp":"2026-01-06T10:46:05.370Z"}
{"level":"info","message":"http://localhost:8080/log/locale/logger/list?cur=1&size=20 GET -> 401","timestamp":"2026-01-06T10:46:29.479Z"}
{"level":"info","message":"http://localhost:8080/log/locale/logger/list?cur=1&size=20 GET -> 401","timestamp":"2026-01-06T10:46:30.490Z"}
{"level":"info","message":"http://localhost:8080/log/locale/logger/list?cur=1&size=20 GET -> 401","timestamp":"2026-01-06T10:46:32.499Z"}
{"level":"info","message":"http://localhost:8080/log/locale/logger/list?cur=1&size=20 GET -> 401","timestamp":"2026-01-06T10:46:36.506Z"}
{"level":"info","message":"http://localhost:8080/log/locale/logger/list?cur=1&size=20 GET -> 401","timestamp":"2026-01-06T10:46:41.586Z"}
{"level":"info","message":"http://localhost:8080/log/locale/logger/list?cur=1&size=20 GET -> 401","timestamp":"2026-01-06T10:46:42.631Z"}
{"level":"info","message":"http://localhost:8080/log/locale/logger/list?cur=1&size=20 GET -> 401","timestamp":"2026-01-06T10:46:44.637Z"}
{"level":"info","message":"http://localhost:8080/user/authenticate GET -> 401","timestamp":"2026-01-06T10:46:48.304Z"}
{"level":"info","message":"http://localhost:8080/user/login POST -> 200","timestamp":"2026-01-06T10:46:52.965Z"}
{"level":"info","message":"http://localhost:8080/user/authenticate GET -> 200","timestamp":"2026-01-06T10:46:52.991Z"}
{"level":"info","message":"http://localhost:8080/user/info GET -> 200","timestamp":"2026-01-06T10:46:53.037Z"}
{"level":"info","message":"http://localhost:8080/user/permissions GET -> 200","timestamp":"2026-01-06T10:46:53.045Z"}
{"level":"info","message":"http://localhost:8080/log/locale/logger/list?cur=1&size=20 GET -> 200","timestamp":"2026-01-06T10:46:53.162Z"}
{"level":"info","message":"http://localhost:8080/log/locale/logger/list?cur=2&size=20 GET -> 200","timestamp":"2026-01-06T10:46:56.146Z"}
{"level":"success","message":"Redis已连接","timestamp":"2026-01-06T10:47:28.974Z"}
{"level":"success","message":"数据库连接成功","timestamp":"2026-01-06T10:47:29.045Z"}
{"level":"info","message":"Server is running on host: http://localhost:8080","timestamp":"2026-01-06T10:47:29.046Z"}
{"level":"info","message":"初始化Admin用户中...","timestamp":"2026-01-06T10:47:29.047Z"}
{"level":"success","message":"已注册路由 role","timestamp":"2026-01-06T10:47:29.054Z"}
{"level":"success","message":"已注册路由 mail","timestamp":"2026-01-06T10:47:29.078Z"}
{"level":"success","message":"已注册路由 user","timestamp":"2026-01-06T10:47:29.081Z"}
{"level":"success","message":"已注册路由 safety","timestamp":"2026-01-06T10:47:29.082Z"}
{"level":"success","message":"已注册路由 log","timestamp":"2026-01-06T10:47:29.094Z"}
{"level":"success","message":"已注册路由 permission","timestamp":"2026-01-06T10:47:29.095Z"}
{"level":"info","message":"Admin用户已存在, ID: 967b43aa-b6d3-4b51-a456-677d9fbd5d17, 邮箱: admin@example.com, 密码: e10adc3949ba59abbe56e057f20f883e","timestamp":"2026-01-06T10:47:29.100Z"}
{"level":"success","message":"Redis已连接","timestamp":"2026-01-06T10:47:41.927Z"}
{"level":"success","message":"数据库连接成功","timestamp":"2026-01-06T10:47:42.002Z"}
{"level":"info","message":"Server is running on host: http://localhost:8080","timestamp":"2026-01-06T10:47:42.003Z"}
{"level":"info","message":"初始化Admin用户中...","timestamp":"2026-01-06T10:47:42.004Z"}
{"level":"success","message":"已注册路由 role","timestamp":"2026-01-06T10:47:42.010Z"}
{"level":"success","message":"已注册路由 mail","timestamp":"2026-01-06T10:47:42.030Z"}
{"level":"success","message":"已注册路由 user","timestamp":"2026-01-06T10:47:42.032Z"}
{"level":"success","message":"已注册路由 safety","timestamp":"2026-01-06T10:47:42.033Z"}
{"level":"success","message":"已注册路由 log","timestamp":"2026-01-06T10:47:42.045Z"}
{"level":"success","message":"已注册路由 permission","timestamp":"2026-01-06T10:47:42.047Z"}
{"level":"info","message":"Admin用户已存在, ID: 967b43aa-b6d3-4b51-a456-677d9fbd5d17, 邮箱: admin@example.com, 密码: e10adc3949ba59abbe56e057f20f883e","timestamp":"2026-01-06T10:47:42.051Z"}
{"level":"info","message":"http://localhost:8080/user/authenticate GET -> 401","timestamp":"2026-01-06T10:47:57.020Z"}
{"level":"info","message":"http://localhost:8080/user/login POST -> 200","timestamp":"2026-01-06T10:48:06.316Z"}
{"level":"info","message":"http://localhost:8080/user/authenticate GET -> 200","timestamp":"2026-01-06T10:48:06.335Z"}
{"level":"info","message":"http://localhost:8080/user/info GET -> 200","timestamp":"2026-01-06T10:48:06.372Z"}
{"level":"info","message":"http://localhost:8080/user/permissions GET -> 200","timestamp":"2026-01-06T10:48:06.379Z"}
{"level":"info","message":"http://localhost:8080/log/locale/logger/list?cur=1&size=20 GET -> 200","timestamp":"2026-01-06T10:48:06.439Z"}
{"level":"info","message":"http://localhost:8080/log/locale/logger/list?cur=2&size=20 GET -> 200","timestamp":"2026-01-06T10:48:08.664Z"}
{"level":"info","message":"http://localhost:8080/user/authenticate GET -> 200","timestamp":"2026-01-06T10:48:30.155Z"}
{"level":"info","message":"http://localhost:8080/user/info GET -> 200","timestamp":"2026-01-06T10:48:30.178Z"}
{"level":"info","message":"http://localhost:8080/user/permissions GET -> 200","timestamp":"2026-01-06T10:48:30.180Z"}
{"level":"info","message":"http://localhost:8080/log/locale/logger/list?cur=1&size=20 GET -> 200","timestamp":"2026-01-06T10:48:30.219Z"}
{"level":"info","message":"http://localhost:8080/log/locale/logger/list?cur=2&size=20 GET -> 200","timestamp":"2026-01-06T10:48:36.443Z"}
{"level":"info","message":"http://localhost:8080/user/authenticate GET -> 200","timestamp":"2026-01-06T10:49:18.632Z"}
{"level":"info","message":"http://localhost:8080/user/info GET -> 200","timestamp":"2026-01-06T10:49:18.657Z"}
{"level":"info","message":"http://localhost:8080/user/permissions GET -> 200","timestamp":"2026-01-06T10:49:18.658Z"}
{"level":"info","message":"http://localhost:8080/log/locale/logger/list?cur=1&size=20 GET -> 200","timestamp":"2026-01-06T10:49:18.697Z"}
{"level":"info","message":"http://localhost:8080/user/authenticate GET -> 200","timestamp":"2026-01-06T10:49:42.216Z"}
{"level":"info","message":"http://localhost:8080/user/info GET -> 200","timestamp":"2026-01-06T10:49:42.245Z"}
{"level":"info","message":"http://localhost:8080/user/permissions GET -> 200","timestamp":"2026-01-06T10:49:42.247Z"}
{"level":"info","message":"http://localhost:8080/user/authenticate GET -> 200","timestamp":"2026-01-06T10:49:48.933Z"}
{"level":"info","message":"http://localhost:8080/user/info GET -> 200","timestamp":"2026-01-06T10:49:48.964Z"}
{"level":"info","message":"http://localhost:8080/user/permissions GET -> 200","timestamp":"2026-01-06T10:49:48.966Z"}
{"level":"info","message":"http://localhost:8080/user/authenticate GET -> 200","timestamp":"2026-01-06T10:49:57.448Z"}
{"level":"info","message":"http://localhost:8080/user/info GET -> 200","timestamp":"2026-01-06T10:49:57.482Z"}
{"level":"info","message":"http://localhost:8080/user/permissions GET -> 200","timestamp":"2026-01-06T10:49:57.483Z"}
{"level":"info","message":"http://localhost:8080/log/locale/logger/list?cur=1&size=20 GET -> 200","timestamp":"2026-01-06T10:49:57.545Z"}
{"level":"info","message":"http://localhost:8080/user/authenticate GET -> 200","timestamp":"2026-01-06T10:50:10.437Z"}
{"level":"info","message":"http://localhost:8080/user/info GET -> 200","timestamp":"2026-01-06T10:50:10.480Z"}
{"level":"info","message":"http://localhost:8080/user/permissions GET -> 200","timestamp":"2026-01-06T10:50:10.481Z"}
{"level":"info","message":"http://localhost:8080/log/locale/logger/list?cur=1&size=20 GET -> 200","timestamp":"2026-01-06T10:50:10.538Z"}
{"level":"info","message":"http://localhost:8080/user/authenticate GET -> 200","timestamp":"2026-01-06T10:50:21.416Z"}
{"level":"info","message":"http://localhost:8080/user/info GET -> 200","timestamp":"2026-01-06T10:50:21.445Z"}
{"level":"info","message":"http://localhost:8080/user/permissions GET -> 200","timestamp":"2026-01-06T10:50:21.446Z"}
{"level":"info","message":"http://localhost:8080/log/locale/logger/list?cur=1&size=20 GET -> 200","timestamp":"2026-01-06T10:50:21.500Z"}
{"level":"info","message":"http://localhost:8080/user/authenticate GET -> 200","timestamp":"2026-01-06T10:50:24.221Z"}
{"level":"info","message":"http://localhost:8080/user/permissions GET -> 200","timestamp":"2026-01-06T10:50:24.249Z"}
{"level":"info","message":"http://localhost:8080/user/info GET -> 200","timestamp":"2026-01-06T10:50:24.252Z"}
{"level":"info","message":"http://localhost:8080/log/locale/logger/list?cur=1&size=20 GET -> 200","timestamp":"2026-01-06T10:50:24.271Z"}
{"level":"info","message":"http://localhost:8080/user/authenticate GET -> 200","timestamp":"2026-01-06T10:50:35.407Z"}
{"level":"info","message":"http://localhost:8080/user/info GET -> 200","timestamp":"2026-01-06T10:50:35.438Z"}
{"level":"info","message":"http://localhost:8080/user/permissions GET -> 200","timestamp":"2026-01-06T10:50:35.439Z"}
{"level":"info","message":"http://localhost:8080/log/locale/logger/list?cur=1&size=20 GET -> 200","timestamp":"2026-01-06T10:50:35.499Z"}
{"level":"info","message":"http://localhost:8080/log/locale/logger/list?cur=2&size=20 GET -> 200","timestamp":"2026-01-06T10:50:36.947Z"}
{"level":"info","message":"http://localhost:8080/user/authenticate GET -> 200","timestamp":"2026-01-06T10:50:58.641Z"}
{"level":"info","message":"http://localhost:8080/user/info GET -> 200","timestamp":"2026-01-06T10:50:58.661Z"}
{"level":"info","message":"http://localhost:8080/user/permissions GET -> 200","timestamp":"2026-01-06T10:50:58.662Z"}
{"level":"info","message":"http://localhost:8080/log/locale/logger/list?cur=1&size=20 GET -> 200","timestamp":"2026-01-06T10:50:58.700Z"}
{"level":"info","message":"http://localhost:8080/user/authenticate GET -> 200","timestamp":"2026-01-06T10:54:17.617Z"}
{"level":"info","message":"http://localhost:8080/user/info GET -> 200","timestamp":"2026-01-06T10:54:17.652Z"}
{"level":"info","message":"http://localhost:8080/user/permissions GET -> 200","timestamp":"2026-01-06T10:54:17.654Z"}
{"level":"info","message":"http://localhost:8080/log/locale/logger/list?cur=1&size=20 GET -> 200","timestamp":"2026-01-06T10:54:17.714Z"}
{"level":"info","message":"http://localhost:8080/log/locale/logger/list?cur=2&size=20 GET -> 200","timestamp":"2026-01-06T10:54:19.262Z"}
{"level":"info","message":"http://localhost:8080/user/authenticate GET -> 200","timestamp":"2026-01-06T10:54:30.968Z"}
{"level":"info","message":"http://localhost:8080/user/info GET -> 200","timestamp":"2026-01-06T10:54:30.992Z"}
{"level":"info","message":"http://localhost:8080/user/permissions GET -> 200","timestamp":"2026-01-06T10:54:30.993Z"}
{"level":"info","message":"http://localhost:8080/log/locale/logger/list?cur=1&size=20 GET -> 200","timestamp":"2026-01-06T10:54:31.032Z"}
{"level":"info","message":"http://localhost:8080/user/authenticate GET -> 200","timestamp":"2026-01-06T10:55:22.339Z"}
{"level":"info","message":"http://localhost:8080/user/info GET -> 200","timestamp":"2026-01-06T10:55:22.377Z"}
{"level":"info","message":"http://localhost:8080/user/permissions GET -> 200","timestamp":"2026-01-06T10:55:22.381Z"}
{"level":"info","message":"http://localhost:8080/log/locale/logger/list?cur=1&size=20 GET -> 200","timestamp":"2026-01-06T10:55:22.440Z"}
{"level":"info","message":"http://localhost:8080/log/locale/logger/list?cur=2&size=20 GET -> 200","timestamp":"2026-01-06T10:55:23.594Z"}
{"level":"info","message":"http://localhost:8080/user/authenticate GET -> 200","timestamp":"2026-01-06T10:55:49.906Z"}
{"level":"info","message":"http://localhost:8080/user/info GET -> 200","timestamp":"2026-01-06T10:55:49.936Z"}
{"level":"info","message":"http://localhost:8080/user/permissions GET -> 200","timestamp":"2026-01-06T10:55:49.938Z"}
{"level":"info","message":"http://localhost:8080/log/locale/logger/list?cur=1&size=20 GET -> 200","timestamp":"2026-01-06T10:55:49.981Z"}
{"level":"info","message":"http://localhost:8080/log/page?cur=1&size=10&filter=&time=DESC GET -> 200","timestamp":"2026-01-06T10:55:51.434Z"}
{"level":"info","message":"http://localhost:8080/log/page?cur=2&size=10&filter=&time=DESC GET -> 200","timestamp":"2026-01-06T10:55:53.088Z"}
{"level":"info","message":"http://localhost:8080/log/page?cur=3&size=10&filter=&time=DESC GET -> 200","timestamp":"2026-01-06T10:55:53.893Z"}
{"level":"info","message":"http://localhost:8080/log/locale/logger/list?cur=1&size=10 GET -> 200","timestamp":"2026-01-06T10:57:14.753Z"}
{"level":"info","message":"http://localhost:8080/user/authenticate GET -> 200","timestamp":"2026-01-06T10:57:39.592Z"}
{"level":"info","message":"http://localhost:8080/user/info GET -> 200","timestamp":"2026-01-06T10:57:39.620Z"}
{"level":"info","message":"http://localhost:8080/user/permissions GET -> 200","timestamp":"2026-01-06T10:57:39.621Z"}
{"level":"info","message":"http://localhost:8080/log/locale/logger/list?cur=1&size=10 GET -> 200","timestamp":"2026-01-06T10:57:39.707Z"}
{"level":"info","message":"http://localhost:8080/log/locale/logger/list?cur=2&size=10 GET -> 200","timestamp":"2026-01-06T10:57:40.554Z"}
{"level":"info","message":"http://localhost:8080/log/locale/logger/list?cur=3&size=10 GET -> 200","timestamp":"2026-01-06T10:57:41.288Z"}
{"level":"info","message":"http://localhost:8080/log/locale/logger/list?cur=4&size=10 GET -> 200","timestamp":"2026-01-06T10:57:43.938Z"}
{"level":"info","message":"http://localhost:8080/log/locale/logger/list?cur=5&size=10 GET -> 200","timestamp":"2026-01-06T10:57:44.382Z"}
{"level":"info","message":"http://localhost:8080/log/locale/logger/list?cur=6&size=10 GET -> 200","timestamp":"2026-01-06T10:57:45.064Z"}
{"level":"info","message":"http://localhost:8080/log/locale/logger/list?cur=7&size=10 GET -> 200","timestamp":"2026-01-06T10:57:45.517Z"}
{"level":"info","message":"http://localhost:8080/log/locale/logger/list?cur=8&size=10 GET -> 200","timestamp":"2026-01-06T10:57:46.019Z"}
{"level":"info","message":"http://localhost:8080/log/locale/logger/list?cur=9&size=10 GET -> 200","timestamp":"2026-01-06T10:57:46.922Z"}
{"level":"info","message":"http://localhost:8080/log/locale/logger/list?cur=10&size=10 GET -> 200","timestamp":"2026-01-06T10:57:47.429Z"}
{"level":"info","message":"http://localhost:8080/log/locale/logger/list?cur=11&size=10 GET -> 200","timestamp":"2026-01-06T10:57:47.807Z"}
{"level":"info","message":"http://localhost:8080/log/locale/logger/list?cur=12&size=10 GET -> 200","timestamp":"2026-01-06T10:57:48.102Z"}
{"level":"info","message":"http://localhost:8080/log/locale/logger/list?cur=13&size=10 GET -> 200","timestamp":"2026-01-06T10:57:48.925Z"}
{"level":"info","message":"http://localhost:8080/user/authenticate GET -> 200","timestamp":"2026-01-06T10:58:14.831Z"}
{"level":"info","message":"http://localhost:8080/user/info GET -> 200","timestamp":"2026-01-06T10:58:14.861Z"}
{"level":"info","message":"http://localhost:8080/user/permissions GET -> 200","timestamp":"2026-01-06T10:58:14.867Z"}
{"level":"info","message":"http://localhost:8080/log/locale/logger/list?cur=1&size=10 GET -> 200","timestamp":"2026-01-06T10:58:14.945Z"}
{"level":"info","message":"http://localhost:8080/log/locale/logger/list?cur=2&size=10 GET -> 200","timestamp":"2026-01-06T10:58:27.796Z"}
{"level":"info","message":"http://localhost:8080/log/locale/logger/list?cur=1&size=20 GET -> 200","timestamp":"2026-01-06T10:58:29.935Z"}
{"level":"info","message":"http://localhost:8080/user/authenticate GET -> 200","timestamp":"2026-01-06T10:59:21.895Z"}
{"level":"info","message":"http://localhost:8080/user/info GET -> 200","timestamp":"2026-01-06T10:59:21.924Z"}
{"level":"info","message":"http://localhost:8080/user/permissions GET -> 200","timestamp":"2026-01-06T10:59:21.927Z"}
{"level":"info","message":"http://localhost:8080/log/locale/logger/list?cur=1&size=10 GET -> 200","timestamp":"2026-01-06T10:59:22.023Z"}
{"level":"info","message":"http://localhost:8080/log/page?cur=1&size=10&filter=&time=DESC GET -> 200","timestamp":"2026-01-06T11:07:00.618Z"}
{"level":"info","message":"http://localhost:8080/log/locale/logger/list?cur=1&size=10 GET -> 200","timestamp":"2026-01-06T11:15:00.709Z"}
{"level":"info","message":"http://localhost:8080/log/locale/logger/list?cur=5&size=10 GET -> 200","timestamp":"2026-01-06T11:15:04.997Z"}
{"level":"info","message":"http://localhost:8080/log/locale/logger/list?cur=7&size=10 GET -> 200","timestamp":"2026-01-06T11:15:06.127Z"}
{"level":"info","message":"http://localhost:8080/log/locale/logger/list?cur=9&size=10 GET -> 200","timestamp":"2026-01-06T11:15:06.803Z"}
{"level":"info","message":"http://localhost:8080/log/locale/logger/list?cur=11&size=10 GET -> 200","timestamp":"2026-01-06T11:15:07.207Z"}
{"level":"info","message":"http://localhost:8080/log/locale/logger/list?cur=13&size=10 GET -> 200","timestamp":"2026-01-06T11:15:07.787Z"}
{"level":"info","message":"http://localhost:8080/log/locale/logger/list?cur=15&size=10 GET -> 200","timestamp":"2026-01-06T11:15:08.443Z"}
{"level":"info","message":"http://localhost:8080/log/locale/logger/list?cur=17&size=10 GET -> 200","timestamp":"2026-01-06T11:15:10.696Z"}
{"level":"info","message":"http://localhost:8080/log/locale/logger/list?cur=19&size=10 GET -> 200","timestamp":"2026-01-06T11:15:11.858Z"}
{"level":"info","message":"http://localhost:8080/log/locale/logger/list?cur=21&size=10 GET -> 200","timestamp":"2026-01-06T11:15:12.635Z"}
{"level":"info","message":"http://localhost:8080/log/locale/logger/list?cur=23&size=10 GET -> 200","timestamp":"2026-01-06T11:15:13.136Z"}
{"level":"info","message":"http://localhost:8080/log/locale/logger/list?cur=25&size=10 GET -> 200","timestamp":"2026-01-06T11:15:13.644Z"}
{"level":"info","message":"http://localhost:8080/log/locale/logger/list?cur=27&size=10 GET -> 200","timestamp":"2026-01-06T11:15:14.044Z"}
{"level":"info","message":"http://localhost:8080/log/locale/logger/list?cur=29&size=10 GET -> 200","timestamp":"2026-01-06T11:15:14.419Z"}
{"level":"info","message":"http://localhost:8080/log/locale/logger/list?cur=31&size=10 GET -> 200","timestamp":"2026-01-06T11:15:15.002Z"}
{"level":"info","message":"http://localhost:8080/log/locale/logger/list?cur=32&size=10 GET -> 200","timestamp":"2026-01-06T11:15:15.536Z"}
{"level":"info","message":"http://localhost:8080/log/locale/logger/list?cur=34&size=10 GET -> 200","timestamp":"2026-01-06T11:15:16.117Z"}
{"level":"info","message":"http://localhost:8080/log/locale/logger/list?cur=33&size=10 GET -> 200","timestamp":"2026-01-06T11:15:20.337Z"}
{"level":"info","message":"http://localhost:8080/log/locale/logger/list?cur=30&size=10 GET -> 200","timestamp":"2026-01-06T11:15:27.646Z"}
{"level":"info","message":"http://localhost:8080/log/locale/logger/list?cur=28&size=10 GET -> 200","timestamp":"2026-01-06T11:15:28.516Z"}
{"level":"info","message":"http://localhost:8080/log/locale/logger/list?cur=26&size=10 GET -> 200","timestamp":"2026-01-06T11:15:29.220Z"}
{"level":"info","message":"http://localhost:8080/log/locale/logger/list?cur=24&size=10 GET -> 200","timestamp":"2026-01-06T11:15:29.578Z"}
{"level":"info","message":"http://localhost:8080/log/locale/logger/list?cur=22&size=10 GET -> 200","timestamp":"2026-01-06T11:15:30.152Z"}
{"level":"info","message":"http://localhost:8080/log/locale/logger/list?cur=20&size=10 GET -> 200","timestamp":"2026-01-06T11:15:30.707Z"}
{"level":"info","message":"http://localhost:8080/log/locale/logger/list?cur=18&size=10 GET -> 200","timestamp":"2026-01-06T11:15:31.320Z"}
{"level":"info","message":"http://localhost:8080/log/locale/logger/list?cur=16&size=10 GET -> 200","timestamp":"2026-01-06T11:15:31.803Z"}
{"level":"info","message":"http://localhost:8080/log/locale/logger/list?cur=14&size=10 GET -> 200","timestamp":"2026-01-06T11:15:32.635Z"}
{"level":"info","message":"http://localhost:8080/log/locale/logger/list?cur=12&size=10 GET -> 200","timestamp":"2026-01-06T11:15:33.284Z"}
{"level":"info","message":"http://localhost:8080/log/locale/logger/list?cur=10&size=10 GET -> 200","timestamp":"2026-01-06T11:15:33.774Z"}
{"level":"info","message":"http://localhost:8080/log/locale/logger/list?cur=8&size=10 GET -> 200","timestamp":"2026-01-06T11:15:34.265Z"}
{"level":"info","message":"http://localhost:8080/log/locale/logger/list?cur=6&size=10 GET -> 200","timestamp":"2026-01-06T11:15:34.762Z"}
{"level":"info","message":"http://localhost:8080/log/locale/logger/list?cur=4&size=10 GET -> 200","timestamp":"2026-01-06T11:15:35.538Z"}
{"level":"info","message":"http://localhost:8080/log/locale/logger/list?cur=2&size=10 GET -> 200","timestamp":"2026-01-06T11:15:36.135Z"}
{"level":"info","message":"http://localhost:8080/user/list GET -> 200","timestamp":"2026-01-06T11:15:49.247Z"}
{"level":"info","message":"http://localhost:8080/user/authenticate GET -> 200","timestamp":"2026-01-06T11:16:05.966Z"}
{"level":"info","message":"http://localhost:8080/user/info GET -> 200","timestamp":"2026-01-06T11:16:06.005Z"}
{"level":"info","message":"http://localhost:8080/user/permissions GET -> 200","timestamp":"2026-01-06T11:16:06.007Z"}
{"level":"info","message":"http://localhost:8080/user/list GET -> 200","timestamp":"2026-01-06T11:16:06.062Z"}
{"level":"info","message":"http://localhost:8080/user/list GET -> 200","timestamp":"2026-01-06T11:16:47.937Z"}
{"level":"info","message":"http://localhost:8080/role/list GET -> 200","timestamp":"2026-01-06T11:16:52.075Z"}
{"level":"info","message":"http://localhost:8080/role/data/7 GET -> 200","timestamp":"2026-01-06T11:16:56.156Z"}
{"level":"info","message":"http://localhost:8080/role/data/7 GET -> 200","timestamp":"2026-01-06T11:21:40.419Z"}
{"level":"info","message":"http://localhost:8080/log/page?cur=1&size=10&filter=&time=DESC GET -> 200","timestamp":"2026-01-06T11:21:52.418Z"}
{"level":"info","message":"http://localhost:8080/user/authenticate GET -> 200","timestamp":"2026-01-06T11:23:40.949Z"}
{"level":"info","message":"http://localhost:8080/user/info GET -> 200","timestamp":"2026-01-06T11:23:40.982Z"}
{"level":"info","message":"http://localhost:8080/user/permissions GET -> 200","timestamp":"2026-01-06T11:23:40.983Z"}
{"level":"info","message":"http://localhost:8080/log/page?cur=1&size=10&filter=&time=DESC GET -> 200","timestamp":"2026-01-06T11:23:41.331Z"}
{"level":"info","message":"http://localhost:8080/user/authenticate GET -> 200","timestamp":"2026-01-06T11:24:02.016Z"}
{"level":"info","message":"http://localhost:8080/user/info GET -> 200","timestamp":"2026-01-06T11:24:02.042Z"}
{"level":"info","message":"http://localhost:8080/user/permissions GET -> 200","timestamp":"2026-01-06T11:24:02.044Z"}
{"level":"info","message":"http://localhost:8080/log/page?cur=1&size=10&filter=&time=DESC GET -> 200","timestamp":"2026-01-06T11:24:02.386Z"}
{"level":"info","message":"http://localhost:8080/user/authenticate GET -> 200","timestamp":"2026-01-06T11:28:19.494Z"}
{"level":"info","message":"http://localhost:8080/user/authenticate GET -> 200","timestamp":"2026-01-06T11:28:21.549Z"}
{"level":"info","message":"http://localhost:8080/user/authenticate GET -> 200","timestamp":"2026-01-06T11:28:23.165Z"}
{"level":"info","message":"http://localhost:8080/user/authenticate GET -> 200","timestamp":"2026-01-06T11:28:25.259Z"}
{"level":"info","message":"http://localhost:8080/user/authenticate GET -> 200","timestamp":"2026-01-06T11:28:26.750Z"}
